2024-08-29T00:00:10.128+05:00  INFO 12740 --- [LearnSpringBoot] [main] c.a.L.LearnSpringBootApplication         : Starting LearnSpringBootApplication using Java 21.0.4 with PID 12740 (C:\Basit Data\dev\projects\springboot\LearnSpringBoot\bin\main started by abasi in C:\Basit Data\dev\projects\springboot\LearnSpringBoot)
2024-08-29T00:00:10.149+05:00  INFO 12740 --- [LearnSpringBoot] [main] c.a.L.LearnSpringBootApplication         : The following 1 profile is active: "dev"
2024-08-29T00:00:11.352+05:00  INFO 12740 --- [LearnSpringBoot] [main] .s.d.r.c.RepositoryConfigurationDelegate : Bootstrapping Spring Data JPA repositories in DEFAULT mode.
2024-08-29T00:00:11.453+05:00  INFO 12740 --- [LearnSpringBoot] [main] .s.d.r.c.RepositoryConfigurationDelegate : Finished Spring Data repository scanning in 83 ms. Found 1 JPA repository interface.
2024-08-29T00:00:12.389+05:00  INFO 12740 --- [LearnSpringBoot] [main] o.s.b.w.embedded.tomcat.TomcatWebServer  : Tomcat initialized with port 8500 (http)
2024-08-29T00:00:12.410+05:00  INFO 12740 --- [LearnSpringBoot] [main] o.apache.catalina.core.StandardService   : Starting service [Tomcat]
2024-08-29T00:00:12.412+05:00  INFO 12740 --- [LearnSpringBoot] [main] o.apache.catalina.core.StandardEngine    : Starting Servlet engine: [Apache Tomcat/10.1.28]
2024-08-29T00:00:12.502+05:00  INFO 12740 --- [LearnSpringBoot] [main] o.a.c.c.C.[Tomcat].[localhost].[/]       : Initializing Spring embedded WebApplicationContext
2024-08-29T00:00:12.503+05:00  INFO 12740 --- [LearnSpringBoot] [main] w.s.c.ServletWebServerApplicationContext : Root WebApplicationContext: initialization completed in 2250 ms
2024-08-29T00:00:12.923+05:00  INFO 12740 --- [LearnSpringBoot] [main] o.hibernate.jpa.internal.util.LogHelper  : HHH000204: Processing PersistenceUnitInfo [name: default]
2024-08-29T00:00:13.023+05:00  INFO 12740 --- [LearnSpringBoot] [main] org.hibernate.Version                    : HHH000412: Hibernate ORM core version 6.5.2.Final
2024-08-29T00:00:13.090+05:00  INFO 12740 --- [LearnSpringBoot] [main] o.h.c.internal.RegionFactoryInitiator    : HHH000026: Second-level cache disabled
2024-08-29T00:00:13.639+05:00  INFO 12740 --- [LearnSpringBoot] [main] o.s.o.j.p.SpringPersistenceUnitInfo      : No LoadTimeWeaver setup: ignoring JPA class transformer
2024-08-29T00:00:13.684+05:00  INFO 12740 --- [LearnSpringBoot] [main] com.zaxxer.hikari.HikariDataSource       : HikariPool-1 - Starting...
2024-08-29T00:00:14.275+05:00  INFO 12740 --- [LearnSpringBoot] [main] com.zaxxer.hikari.pool.HikariPool        : HikariPool-1 - Added connection com.mysql.cj.jdbc.ConnectionImpl@312f3050
2024-08-29T00:00:14.282+05:00  INFO 12740 --- [LearnSpringBoot] [main] com.zaxxer.hikari.HikariDataSource       : HikariPool-1 - Start completed.
2024-08-29T00:00:15.242+05:00  INFO 12740 --- [LearnSpringBoot] [main] o.h.e.t.j.p.i.JtaPlatformInitiator       : HHH000489: No JTA platform available (set 'hibernate.transaction.jta.platform' to enable JTA platform integration)
2024-08-29T00:00:15.296+05:00  INFO 12740 --- [LearnSpringBoot] [main] j.LocalContainerEntityManagerFactoryBean : Initialized JPA EntityManagerFactory for persistence unit 'default'
2024-08-29T00:00:15.742+05:00  INFO 12740 --- [LearnSpringBoot] [main] o.s.d.j.r.query.QueryEnhancerFactory     : Hibernate is in classpath; If applicable, HQL parser will be used.
2024-08-29T00:00:16.287+05:00  WARN 12740 --- [LearnSpringBoot] [main] JpaBaseConfiguration$JpaWebConfiguration : spring.jpa.open-in-view is enabled by default. Therefore, database queries may be performed during view rendering. Explicitly configure spring.jpa.open-in-view to disable this warning
2024-08-29T00:00:16.908+05:00  INFO 12740 --- [LearnSpringBoot] [main] o.s.b.w.embedded.tomcat.TomcatWebServer  : Tomcat started on port 8500 (http) with context path '/'
2024-08-29T00:00:16.926+05:00  INFO 12740 --- [LearnSpringBoot] [main] c.a.L.LearnSpringBootApplication         : Started LearnSpringBootApplication in 7.575 seconds (process running for 8.424)
2024-08-29T00:01:03.606+05:00  INFO 12740 --- [LearnSpringBoot] [http-nio-8500-exec-1] o.a.c.c.C.[Tomcat].[localhost].[/]       : Initializing Spring DispatcherServlet 'dispatcherServlet'
2024-08-29T00:01:03.607+05:00  INFO 12740 --- [LearnSpringBoot] [http-nio-8500-exec-1] o.s.web.servlet.DispatcherServlet        : Initializing Servlet 'dispatcherServlet'
2024-08-29T00:01:03.608+05:00  INFO 12740 --- [LearnSpringBoot] [http-nio-8500-exec-1] o.s.web.servlet.DispatcherServlet        : Completed initialization in 1 ms
2024-08-29T00:04:01.359+05:00  INFO 4148 --- [LearnSpringBoot] [main] c.a.L.LearnSpringBootApplication         : Starting LearnSpringBootApplication using Java 21.0.4 with PID 4148 (C:\Basit Data\dev\projects\springboot\LearnSpringBoot\bin\main started by abasi in C:\Basit Data\dev\projects\springboot\LearnSpringBoot)
2024-08-29T00:04:01.364+05:00  INFO 4148 --- [LearnSpringBoot] [main] c.a.L.LearnSpringBootApplication         : The following 1 profile is active: "dev"
2024-08-29T00:04:03.069+05:00  INFO 4148 --- [LearnSpringBoot] [main] .s.d.r.c.RepositoryConfigurationDelegate : Bootstrapping Spring Data JPA repositories in DEFAULT mode.
2024-08-29T00:04:03.149+05:00  INFO 4148 --- [LearnSpringBoot] [main] .s.d.r.c.RepositoryConfigurationDelegate : Finished Spring Data repository scanning in 66 ms. Found 1 JPA repository interface.
2024-08-29T00:04:04.417+05:00  INFO 4148 --- [LearnSpringBoot] [main] o.s.b.w.embedded.tomcat.TomcatWebServer  : Tomcat initialized with port 8500 (http)
2024-08-29T00:04:04.438+05:00  INFO 4148 --- [LearnSpringBoot] [main] o.apache.catalina.core.StandardService   : Starting service [Tomcat]
2024-08-29T00:04:04.439+05:00  INFO 4148 --- [LearnSpringBoot] [main] o.apache.catalina.core.StandardEngine    : Starting Servlet engine: [Apache Tomcat/10.1.28]
2024-08-29T00:04:04.537+05:00  INFO 4148 --- [LearnSpringBoot] [main] o.a.c.c.C.[Tomcat].[localhost].[/]       : Initializing Spring embedded WebApplicationContext
2024-08-29T00:04:04.538+05:00  INFO 4148 --- [LearnSpringBoot] [main] w.s.c.ServletWebServerApplicationContext : Root WebApplicationContext: initialization completed in 3101 ms
2024-08-29T00:04:05.088+05:00  INFO 4148 --- [LearnSpringBoot] [main] o.hibernate.jpa.internal.util.LogHelper  : HHH000204: Processing PersistenceUnitInfo [name: default]
2024-08-29T00:04:05.178+05:00  INFO 4148 --- [LearnSpringBoot] [main] org.hibernate.Version                    : HHH000412: Hibernate ORM core version 6.5.2.Final
2024-08-29T00:04:05.240+05:00  INFO 4148 --- [LearnSpringBoot] [main] o.h.c.internal.RegionFactoryInitiator    : HHH000026: Second-level cache disabled
2024-08-29T00:04:05.709+05:00  INFO 4148 --- [LearnSpringBoot] [main] o.s.o.j.p.SpringPersistenceUnitInfo      : No LoadTimeWeaver setup: ignoring JPA class transformer
2024-08-29T00:04:05.772+05:00  INFO 4148 --- [LearnSpringBoot] [main] com.zaxxer.hikari.HikariDataSource       : HikariPool-1 - Starting...
2024-08-29T00:04:06.404+05:00  INFO 4148 --- [LearnSpringBoot] [main] com.zaxxer.hikari.pool.HikariPool        : HikariPool-1 - Added connection com.mysql.cj.jdbc.ConnectionImpl@60ef30b1
2024-08-29T00:04:06.408+05:00  INFO 4148 --- [LearnSpringBoot] [main] com.zaxxer.hikari.HikariDataSource       : HikariPool-1 - Start completed.
2024-08-29T00:04:07.952+05:00  INFO 4148 --- [LearnSpringBoot] [main] o.h.e.t.j.p.i.JtaPlatformInitiator       : HHH000489: No JTA platform available (set 'hibernate.transaction.jta.platform' to enable JTA platform integration)
2024-08-29T00:04:08.041+05:00  INFO 4148 --- [LearnSpringBoot] [main] j.LocalContainerEntityManagerFactoryBean : Initialized JPA EntityManagerFactory for persistence unit 'default'
2024-08-29T00:04:08.707+05:00  INFO 4148 --- [LearnSpringBoot] [main] o.s.d.j.r.query.QueryEnhancerFactory     : Hibernate is in classpath; If applicable, HQL parser will be used.
2024-08-29T00:04:09.718+05:00  WARN 4148 --- [LearnSpringBoot] [main] JpaBaseConfiguration$JpaWebConfiguration : spring.jpa.open-in-view is enabled by default. Therefore, database queries may be performed during view rendering. Explicitly configure spring.jpa.open-in-view to disable this warning
2024-08-29T00:04:11.227+05:00  INFO 4148 --- [LearnSpringBoot] [main] o.s.b.a.e.web.EndpointLinksResolver      : Exposing 3 endpoints beneath base path '/actuator'
2024-08-29T00:04:11.378+05:00  INFO 4148 --- [LearnSpringBoot] [main] o.s.b.w.embedded.tomcat.TomcatWebServer  : Tomcat started on port 8500 (http) with context path '/'
2024-08-29T00:04:11.398+05:00  INFO 4148 --- [LearnSpringBoot] [main] c.a.L.LearnSpringBootApplication         : Started LearnSpringBootApplication in 10.827 seconds (process running for 12.063)
2024-08-29T00:04:13.006+05:00  INFO 4148 --- [LearnSpringBoot] [RMI TCP Connection(2)-127.0.0.1] o.a.c.c.C.[Tomcat].[localhost].[/]       : Initializing Spring DispatcherServlet 'dispatcherServlet'
2024-08-29T00:04:13.007+05:00  INFO 4148 --- [LearnSpringBoot] [RMI TCP Connection(2)-127.0.0.1] o.s.web.servlet.DispatcherServlet        : Initializing Servlet 'dispatcherServlet'
2024-08-29T00:04:13.009+05:00  INFO 4148 --- [LearnSpringBoot] [RMI TCP Connection(2)-127.0.0.1] o.s.web.servlet.DispatcherServlet        : Completed initialization in 1 ms
2024-08-29T01:23:10.865+05:00  INFO 20372 --- [LearnSpringBoot] [main] c.a.L.LearnSpringBootApplication         : Starting LearnSpringBootApplication using Java 21.0.4 with PID 20372 (C:\Basit Data\dev\projects\springboot\LearnSpringBoot\bin\main started by abasi in C:\Basit Data\dev\projects\springboot\LearnSpringBoot)
2024-08-29T01:23:10.891+05:00  INFO 20372 --- [LearnSpringBoot] [main] c.a.L.LearnSpringBootApplication         : The following 1 profile is active: "dev"
2024-08-29T01:23:15.766+05:00  INFO 20372 --- [LearnSpringBoot] [main] .s.d.r.c.RepositoryConfigurationDelegate : Bootstrapping Spring Data JPA repositories in DEFAULT mode.
2024-08-29T01:23:15.884+05:00  INFO 20372 --- [LearnSpringBoot] [main] .s.d.r.c.RepositoryConfigurationDelegate : Finished Spring Data repository scanning in 97 ms. Found 1 JPA repository interface.
2024-08-29T01:23:17.299+05:00  INFO 20372 --- [LearnSpringBoot] [main] o.s.b.w.embedded.tomcat.TomcatWebServer  : Tomcat initialized with port 8500 (http)
2024-08-29T01:23:17.324+05:00  INFO 20372 --- [LearnSpringBoot] [main] o.apache.catalina.core.StandardService   : Starting service [Tomcat]
2024-08-29T01:23:17.325+05:00  INFO 20372 --- [LearnSpringBoot] [main] o.apache.catalina.core.StandardEngine    : Starting Servlet engine: [Apache Tomcat/10.1.28]
2024-08-29T01:23:17.445+05:00  INFO 20372 --- [LearnSpringBoot] [main] o.a.c.c.C.[Tomcat].[localhost].[/]       : Initializing Spring embedded WebApplicationContext
2024-08-29T01:23:17.453+05:00  INFO 20372 --- [LearnSpringBoot] [main] w.s.c.ServletWebServerApplicationContext : Root WebApplicationContext: initialization completed in 6259 ms
2024-08-29T01:23:18.068+05:00  INFO 20372 --- [LearnSpringBoot] [main] o.hibernate.jpa.internal.util.LogHelper  : HHH000204: Processing PersistenceUnitInfo [name: default]
2024-08-29T01:23:18.188+05:00  INFO 20372 --- [LearnSpringBoot] [main] org.hibernate.Version                    : HHH000412: Hibernate ORM core version 6.5.2.Final
2024-08-29T01:23:18.277+05:00  INFO 20372 --- [LearnSpringBoot] [main] o.h.c.internal.RegionFactoryInitiator    : HHH000026: Second-level cache disabled
2024-08-29T01:23:18.997+05:00  INFO 20372 --- [LearnSpringBoot] [main] o.s.o.j.p.SpringPersistenceUnitInfo      : No LoadTimeWeaver setup: ignoring JPA class transformer
2024-08-29T01:23:19.042+05:00  INFO 20372 --- [LearnSpringBoot] [main] com.zaxxer.hikari.HikariDataSource       : HikariPool-1 - Starting...
2024-08-29T01:23:19.522+05:00  INFO 20372 --- [LearnSpringBoot] [main] com.zaxxer.hikari.pool.HikariPool        : HikariPool-1 - Added connection com.mysql.cj.jdbc.ConnectionImpl@9de1b85
2024-08-29T01:23:19.527+05:00  INFO 20372 --- [LearnSpringBoot] [main] com.zaxxer.hikari.HikariDataSource       : HikariPool-1 - Start completed.
2024-08-29T01:23:20.692+05:00  INFO 20372 --- [LearnSpringBoot] [main] o.h.e.t.j.p.i.JtaPlatformInitiator       : HHH000489: No JTA platform available (set 'hibernate.transaction.jta.platform' to enable JTA platform integration)
2024-08-29T01:23:20.741+05:00  INFO 20372 --- [LearnSpringBoot] [main] j.LocalContainerEntityManagerFactoryBean : Initialized JPA EntityManagerFactory for persistence unit 'default'
2024-08-29T01:23:21.229+05:00  INFO 20372 --- [LearnSpringBoot] [main] o.s.d.j.r.query.QueryEnhancerFactory     : Hibernate is in classpath; If applicable, HQL parser will be used.
2024-08-29T01:23:22.167+05:00  WARN 20372 --- [LearnSpringBoot] [main] JpaBaseConfiguration$JpaWebConfiguration : spring.jpa.open-in-view is enabled by default. Therefore, database queries may be performed during view rendering. Explicitly configure spring.jpa.open-in-view to disable this warning
2024-08-29T01:23:23.806+05:00  INFO 20372 --- [LearnSpringBoot] [main] o.s.b.a.e.web.EndpointLinksResolver      : Exposing 3 endpoints beneath base path '/actuator'
2024-08-29T01:23:23.977+05:00  INFO 20372 --- [LearnSpringBoot] [main] o.s.b.w.embedded.tomcat.TomcatWebServer  : Tomcat started on port 8500 (http) with context path '/'
2024-08-29T01:23:24.004+05:00  INFO 20372 --- [LearnSpringBoot] [main] c.a.L.LearnSpringBootApplication         : Started LearnSpringBootApplication in 15.886 seconds (process running for 18.644)
2024-08-29T01:23:25.082+05:00  INFO 20372 --- [LearnSpringBoot] [RMI TCP Connection(2)-127.0.0.1] o.a.c.c.C.[Tomcat].[localhost].[/]       : Initializing Spring DispatcherServlet 'dispatcherServlet'
2024-08-29T01:23:25.083+05:00  INFO 20372 --- [LearnSpringBoot] [RMI TCP Connection(2)-127.0.0.1] o.s.web.servlet.DispatcherServlet        : Initializing Servlet 'dispatcherServlet'
2024-08-29T01:23:25.085+05:00  INFO 20372 --- [LearnSpringBoot] [RMI TCP Connection(2)-127.0.0.1] o.s.web.servlet.DispatcherServlet        : Completed initialization in 1 ms
2024-08-29T18:01:22.144+05:00  INFO 10608 --- [LearnSpringBoot] [main] c.a.L.LearnSpringBootApplication         : Starting LearnSpringBootApplication using Java 21.0.4 with PID 10608 (C:\Basit Data\dev\projects\springboot\LearnSpringBoot\bin\main started by abasi in C:\Basit Data\dev\projects\springboot\LearnSpringBoot)
2024-08-29T18:01:22.147+05:00  INFO 10608 --- [LearnSpringBoot] [main] c.a.L.LearnSpringBootApplication         : The following 1 profile is active: "dev"
2024-08-29T18:01:23.677+05:00  INFO 10608 --- [LearnSpringBoot] [main] .s.d.r.c.RepositoryConfigurationDelegate : Bootstrapping Spring Data JPA repositories in DEFAULT mode.
2024-08-29T18:01:23.754+05:00  INFO 10608 --- [LearnSpringBoot] [main] .s.d.r.c.RepositoryConfigurationDelegate : Finished Spring Data repository scanning in 63 ms. Found 1 JPA repository interface.
2024-08-29T18:01:24.742+05:00  INFO 10608 --- [LearnSpringBoot] [main] o.s.b.w.embedded.tomcat.TomcatWebServer  : Tomcat initialized with port 8500 (http)
2024-08-29T18:01:24.771+05:00  INFO 10608 --- [LearnSpringBoot] [main] o.apache.catalina.core.StandardService   : Starting service [Tomcat]
2024-08-29T18:01:24.771+05:00  INFO 10608 --- [LearnSpringBoot] [main] o.apache.catalina.core.StandardEngine    : Starting Servlet engine: [Apache Tomcat/10.1.28]
2024-08-29T18:01:24.905+05:00  INFO 10608 --- [LearnSpringBoot] [main] o.a.c.c.C.[Tomcat].[localhost].[/]       : Initializing Spring embedded WebApplicationContext
2024-08-29T18:01:24.907+05:00  INFO 10608 --- [LearnSpringBoot] [main] w.s.c.ServletWebServerApplicationContext : Root WebApplicationContext: initialization completed in 2697 ms
2024-08-29T18:01:25.404+05:00  INFO 10608 --- [LearnSpringBoot] [main] o.hibernate.jpa.internal.util.LogHelper  : HHH000204: Processing PersistenceUnitInfo [name: default]
2024-08-29T18:01:25.550+05:00  INFO 10608 --- [LearnSpringBoot] [main] org.hibernate.Version                    : HHH000412: Hibernate ORM core version 6.5.2.Final
2024-08-29T18:01:25.605+05:00  INFO 10608 --- [LearnSpringBoot] [main] o.h.c.internal.RegionFactoryInitiator    : HHH000026: Second-level cache disabled
2024-08-29T18:01:26.085+05:00  INFO 10608 --- [LearnSpringBoot] [main] o.s.o.j.p.SpringPersistenceUnitInfo      : No LoadTimeWeaver setup: ignoring JPA class transformer
2024-08-29T18:01:26.128+05:00  INFO 10608 --- [LearnSpringBoot] [main] com.zaxxer.hikari.HikariDataSource       : HikariPool-1 - Starting...
2024-08-29T18:01:26.537+05:00  INFO 10608 --- [LearnSpringBoot] [main] com.zaxxer.hikari.pool.HikariPool        : HikariPool-1 - Added connection com.mysql.cj.jdbc.ConnectionImpl@1d40f597
2024-08-29T18:01:26.541+05:00  INFO 10608 --- [LearnSpringBoot] [main] com.zaxxer.hikari.HikariDataSource       : HikariPool-1 - Start completed.
2024-08-29T18:01:27.639+05:00  INFO 10608 --- [LearnSpringBoot] [main] o.h.e.t.j.p.i.JtaPlatformInitiator       : HHH000489: No JTA platform available (set 'hibernate.transaction.jta.platform' to enable JTA platform integration)
2024-08-29T18:01:27.803+05:00  INFO 10608 --- [LearnSpringBoot] [main] j.LocalContainerEntityManagerFactoryBean : Initialized JPA EntityManagerFactory for persistence unit 'default'
2024-08-29T18:01:28.312+05:00  INFO 10608 --- [LearnSpringBoot] [main] o.s.d.j.r.query.QueryEnhancerFactory     : Hibernate is in classpath; If applicable, HQL parser will be used.
2024-08-29T18:01:28.830+05:00  WARN 10608 --- [LearnSpringBoot] [main] ConfigServletWebServerApplicationContext : Exception encountered during context initialization - cancelling refresh attempt: org.springframework.beans.factory.UnsatisfiedDependencyException: Error creating bean with name 'userController' defined in file [C:\Basit Data\dev\projects\springboot\LearnSpringBoot\bin\main\com\abdulbasit108\LearnSpringBoot\UserController.class]: Unsatisfied dependency expressed through constructor parameter 0: Error creating bean with name 'userRepository' defined in com.abdulbasit108.LearnSpringBoot.model.UserRepository defined in @EnableJpaRepositories declared on JpaRepositoriesRegistrar.EnableJpaRepositoriesConfiguration: Could not create query for public abstract java.util.List com.abdulbasit108.LearnSpringBoot.model.UserRepository.findByDomain(java.lang.String); Reason: Validation failed for query for method public abstract java.util.List com.abdulbasit108.LearnSpringBoot.model.UserRepository.findByDomain(java.lang.String)
2024-08-29T18:01:28.832+05:00  INFO 10608 --- [LearnSpringBoot] [main] j.LocalContainerEntityManagerFactoryBean : Closing JPA EntityManagerFactory for persistence unit 'default'
2024-08-29T18:01:28.835+05:00  INFO 10608 --- [LearnSpringBoot] [main] com.zaxxer.hikari.HikariDataSource       : HikariPool-1 - Shutdown initiated...
2024-08-29T18:01:28.849+05:00  INFO 10608 --- [LearnSpringBoot] [main] com.zaxxer.hikari.HikariDataSource       : HikariPool-1 - Shutdown completed.
2024-08-29T18:01:28.852+05:00  INFO 10608 --- [LearnSpringBoot] [main] o.apache.catalina.core.StandardService   : Stopping service [Tomcat]
2024-08-29T18:01:28.881+05:00  INFO 10608 --- [LearnSpringBoot] [main] .s.b.a.l.ConditionEvaluationReportLogger : 

Error starting ApplicationContext. To display the condition evaluation report re-run your application with 'debug' enabled.
2024-08-29T18:01:28.916+05:00 ERROR 10608 --- [LearnSpringBoot] [main] o.s.boot.SpringApplication               : Application run failed

org.springframework.beans.factory.UnsatisfiedDependencyException: Error creating bean with name 'userController' defined in file [C:\Basit Data\dev\projects\springboot\LearnSpringBoot\bin\main\com\abdulbasit108\LearnSpringBoot\UserController.class]: Unsatisfied dependency expressed through constructor parameter 0: Error creating bean with name 'userRepository' defined in com.abdulbasit108.LearnSpringBoot.model.UserRepository defined in @EnableJpaRepositories declared on JpaRepositoriesRegistrar.EnableJpaRepositoriesConfiguration: Could not create query for public abstract java.util.List com.abdulbasit108.LearnSpringBoot.model.UserRepository.findByDomain(java.lang.String); Reason: Validation failed for query for method public abstract java.util.List com.abdulbasit108.LearnSpringBoot.model.UserRepository.findByDomain(java.lang.String)
	at org.springframework.beans.factory.support.ConstructorResolver.createArgumentArray(ConstructorResolver.java:795) ~[spring-beans-6.1.12.jar:6.1.12]
	at org.springframework.beans.factory.support.ConstructorResolver.autowireConstructor(ConstructorResolver.java:237) ~[spring-beans-6.1.12.jar:6.1.12]
	at org.springframework.beans.factory.support.AbstractAutowireCapableBeanFactory.autowireConstructor(AbstractAutowireCapableBeanFactory.java:1375) ~[spring-beans-6.1.12.jar:6.1.12]
	at org.springframework.beans.factory.support.AbstractAutowireCapableBeanFactory.createBeanInstance(AbstractAutowireCapableBeanFactory.java:1212) ~[spring-beans-6.1.12.jar:6.1.12]
	at org.springframework.beans.factory.support.AbstractAutowireCapableBeanFactory.doCreateBean(AbstractAutowireCapableBeanFactory.java:562) ~[spring-beans-6.1.12.jar:6.1.12]
	at org.springframework.beans.factory.support.AbstractAutowireCapableBeanFactory.createBean(AbstractAutowireCapableBeanFactory.java:522) ~[spring-beans-6.1.12.jar:6.1.12]
	at org.springframework.beans.factory.support.AbstractBeanFactory.lambda$doGetBean$0(AbstractBeanFactory.java:337) ~[spring-beans-6.1.12.jar:6.1.12]
	at org.springframework.beans.factory.support.DefaultSingletonBeanRegistry.getSingleton(DefaultSingletonBeanRegistry.java:234) ~[spring-beans-6.1.12.jar:6.1.12]
	at org.springframework.beans.factory.support.AbstractBeanFactory.doGetBean(AbstractBeanFactory.java:335) ~[spring-beans-6.1.12.jar:6.1.12]
	at org.springframework.beans.factory.support.AbstractBeanFactory.getBean(AbstractBeanFactory.java:200) ~[spring-beans-6.1.12.jar:6.1.12]
	at org.springframework.beans.factory.support.DefaultListableBeanFactory.preInstantiateSingletons(DefaultListableBeanFactory.java:975) ~[spring-beans-6.1.12.jar:6.1.12]
	at org.springframework.context.support.AbstractApplicationContext.finishBeanFactoryInitialization(AbstractApplicationContext.java:971) ~[spring-context-6.1.12.jar:6.1.12]
	at org.springframework.context.support.AbstractApplicationContext.refresh(AbstractApplicationContext.java:625) ~[spring-context-6.1.12.jar:6.1.12]
	at org.springframework.boot.web.servlet.context.ServletWebServerApplicationContext.refresh(ServletWebServerApplicationContext.java:146) ~[spring-boot-3.3.3.jar:3.3.3]
	at org.springframework.boot.SpringApplication.refresh(SpringApplication.java:754) ~[spring-boot-3.3.3.jar:3.3.3]
	at org.springframework.boot.SpringApplication.refreshContext(SpringApplication.java:456) ~[spring-boot-3.3.3.jar:3.3.3]
	at org.springframework.boot.SpringApplication.run(SpringApplication.java:335) ~[spring-boot-3.3.3.jar:3.3.3]
	at org.springframework.boot.SpringApplication.run(SpringApplication.java:1363) ~[spring-boot-3.3.3.jar:3.3.3]
	at org.springframework.boot.SpringApplication.run(SpringApplication.java:1352) ~[spring-boot-3.3.3.jar:3.3.3]
	at com.abdulbasit108.LearnSpringBoot.LearnSpringBootApplication.main(LearnSpringBootApplication.java:10) ~[main/:na]
Caused by: org.springframework.beans.factory.BeanCreationException: Error creating bean with name 'userRepository' defined in com.abdulbasit108.LearnSpringBoot.model.UserRepository defined in @EnableJpaRepositories declared on JpaRepositoriesRegistrar.EnableJpaRepositoriesConfiguration: Could not create query for public abstract java.util.List com.abdulbasit108.LearnSpringBoot.model.UserRepository.findByDomain(java.lang.String); Reason: Validation failed for query for method public abstract java.util.List com.abdulbasit108.LearnSpringBoot.model.UserRepository.findByDomain(java.lang.String)
	at org.springframework.beans.factory.support.AbstractAutowireCapableBeanFactory.initializeBean(AbstractAutowireCapableBeanFactory.java:1806) ~[spring-beans-6.1.12.jar:6.1.12]
	at org.springframework.beans.factory.support.AbstractAutowireCapableBeanFactory.doCreateBean(AbstractAutowireCapableBeanFactory.java:600) ~[spring-beans-6.1.12.jar:6.1.12]
	at org.springframework.beans.factory.support.AbstractAutowireCapableBeanFactory.createBean(AbstractAutowireCapableBeanFactory.java:522) ~[spring-beans-6.1.12.jar:6.1.12]
	at org.springframework.beans.factory.support.AbstractBeanFactory.lambda$doGetBean$0(AbstractBeanFactory.java:337) ~[spring-beans-6.1.12.jar:6.1.12]
	at org.springframework.beans.factory.support.DefaultSingletonBeanRegistry.getSingleton(DefaultSingletonBeanRegistry.java:234) ~[spring-beans-6.1.12.jar:6.1.12]
	at org.springframework.beans.factory.support.AbstractBeanFactory.doGetBean(AbstractBeanFactory.java:335) ~[spring-beans-6.1.12.jar:6.1.12]
	at org.springframework.beans.factory.support.AbstractBeanFactory.getBean(AbstractBeanFactory.java:200) ~[spring-beans-6.1.12.jar:6.1.12]
	at org.springframework.beans.factory.config.DependencyDescriptor.resolveCandidate(DependencyDescriptor.java:254) ~[spring-beans-6.1.12.jar:6.1.12]
	at org.springframework.beans.factory.support.DefaultListableBeanFactory.doResolveDependency(DefaultListableBeanFactory.java:1443) ~[spring-beans-6.1.12.jar:6.1.12]
	at org.springframework.beans.factory.support.DefaultListableBeanFactory.resolveDependency(DefaultListableBeanFactory.java:1353) ~[spring-beans-6.1.12.jar:6.1.12]
	at org.springframework.beans.factory.support.ConstructorResolver.resolveAutowiredArgument(ConstructorResolver.java:904) ~[spring-beans-6.1.12.jar:6.1.12]
	at org.springframework.beans.factory.support.ConstructorResolver.createArgumentArray(ConstructorResolver.java:782) ~[spring-beans-6.1.12.jar:6.1.12]
	... 19 common frames omitted
Caused by: org.springframework.data.repository.query.QueryCreationException: Could not create query for public abstract java.util.List com.abdulbasit108.LearnSpringBoot.model.UserRepository.findByDomain(java.lang.String); Reason: Validation failed for query for method public abstract java.util.List com.abdulbasit108.LearnSpringBoot.model.UserRepository.findByDomain(java.lang.String)
	at org.springframework.data.repository.query.QueryCreationException.create(QueryCreationException.java:101) ~[spring-data-commons-3.3.3.jar:3.3.3]
	at org.springframework.data.repository.core.support.QueryExecutorMethodInterceptor.lookupQuery(QueryExecutorMethodInterceptor.java:119) ~[spring-data-commons-3.3.3.jar:3.3.3]
	at org.springframework.data.repository.core.support.QueryExecutorMethodInterceptor.mapMethodsToQuery(QueryExecutorMethodInterceptor.java:103) ~[spring-data-commons-3.3.3.jar:3.3.3]
	at org.springframework.data.repository.core.support.QueryExecutorMethodInterceptor.lambda$new$0(QueryExecutorMethodInterceptor.java:92) ~[spring-data-commons-3.3.3.jar:3.3.3]
	at java.base/java.util.Optional.map(Optional.java:260) ~[na:na]
	at org.springframework.data.repository.core.support.QueryExecutorMethodInterceptor.<init>(QueryExecutorMethodInterceptor.java:92) ~[spring-data-commons-3.3.3.jar:3.3.3]
	at org.springframework.data.repository.core.support.RepositoryFactorySupport.getRepository(RepositoryFactorySupport.java:357) ~[spring-data-commons-3.3.3.jar:3.3.3]
	at org.springframework.data.repository.core.support.RepositoryFactoryBeanSupport.lambda$afterPropertiesSet$5(RepositoryFactoryBeanSupport.java:286) ~[spring-data-commons-3.3.3.jar:3.3.3]
	at org.springframework.data.util.Lazy.getNullable(Lazy.java:135) ~[spring-data-commons-3.3.3.jar:3.3.3]
	at org.springframework.data.util.Lazy.get(Lazy.java:113) ~[spring-data-commons-3.3.3.jar:3.3.3]
	at org.springframework.data.repository.core.support.RepositoryFactoryBeanSupport.afterPropertiesSet(RepositoryFactoryBeanSupport.java:292) ~[spring-data-commons-3.3.3.jar:3.3.3]
	at org.springframework.data.jpa.repository.support.JpaRepositoryFactoryBean.afterPropertiesSet(JpaRepositoryFactoryBean.java:132) ~[spring-data-jpa-3.3.3.jar:3.3.3]
	at org.springframework.beans.factory.support.AbstractAutowireCapableBeanFactory.invokeInitMethods(AbstractAutowireCapableBeanFactory.java:1853) ~[spring-beans-6.1.12.jar:6.1.12]
	at org.springframework.beans.factory.support.AbstractAutowireCapableBeanFactory.initializeBean(AbstractAutowireCapableBeanFactory.java:1802) ~[spring-beans-6.1.12.jar:6.1.12]
	... 30 common frames omitted
Caused by: java.lang.IllegalArgumentException: Validation failed for query for method public abstract java.util.List com.abdulbasit108.LearnSpringBoot.model.UserRepository.findByDomain(java.lang.String)
	at org.springframework.data.jpa.repository.query.SimpleJpaQuery.validateQuery(SimpleJpaQuery.java:100) ~[spring-data-jpa-3.3.3.jar:3.3.3]
	at org.springframework.data.jpa.repository.query.SimpleJpaQuery.<init>(SimpleJpaQuery.java:70) ~[spring-data-jpa-3.3.3.jar:3.3.3]
	at org.springframework.data.jpa.repository.query.JpaQueryFactory.fromMethodWithQueryString(JpaQueryFactory.java:60) ~[spring-data-jpa-3.3.3.jar:3.3.3]
	at org.springframework.data.jpa.repository.query.JpaQueryLookupStrategy$DeclaredQueryLookupStrategy.resolveQuery(JpaQueryLookupStrategy.java:170) ~[spring-data-jpa-3.3.3.jar:3.3.3]
	at org.springframework.data.jpa.repository.query.JpaQueryLookupStrategy$CreateIfNotFoundQueryLookupStrategy.resolveQuery(JpaQueryLookupStrategy.java:252) ~[spring-data-jpa-3.3.3.jar:3.3.3]
	at org.springframework.data.jpa.repository.query.JpaQueryLookupStrategy$AbstractQueryLookupStrategy.resolveQuery(JpaQueryLookupStrategy.java:95) ~[spring-data-jpa-3.3.3.jar:3.3.3]
	at org.springframework.data.repository.core.support.QueryExecutorMethodInterceptor.lookupQuery(QueryExecutorMethodInterceptor.java:115) ~[spring-data-commons-3.3.3.jar:3.3.3]
	... 42 common frames omitted
Caused by: java.lang.IllegalArgumentException: org.hibernate.query.sqm.UnknownEntityException: Could not resolve root entity 'Student'
	at org.hibernate.internal.ExceptionConverterImpl.convert(ExceptionConverterImpl.java:143) ~[hibernate-core-6.5.2.Final.jar:6.5.2.Final]
	at org.hibernate.internal.ExceptionConverterImpl.convert(ExceptionConverterImpl.java:167) ~[hibernate-core-6.5.2.Final.jar:6.5.2.Final]
	at org.hibernate.internal.ExceptionConverterImpl.convert(ExceptionConverterImpl.java:173) ~[hibernate-core-6.5.2.Final.jar:6.5.2.Final]
	at org.hibernate.internal.AbstractSharedSessionContract.createQuery(AbstractSharedSessionContract.java:860) ~[hibernate-core-6.5.2.Final.jar:6.5.2.Final]
	at org.hibernate.internal.AbstractSharedSessionContract.createQuery(AbstractSharedSessionContract.java:765) ~[hibernate-core-6.5.2.Final.jar:6.5.2.Final]
	at org.hibernate.internal.AbstractSharedSessionContract.createQuery(AbstractSharedSessionContract.java:140) ~[hibernate-core-6.5.2.Final.jar:6.5.2.Final]
	at java.base/jdk.internal.reflect.DirectMethodHandleAccessor.invoke(DirectMethodHandleAccessor.java:103) ~[na:na]
	at java.base/java.lang.reflect.Method.invoke(Method.java:580) ~[na:na]
	at org.springframework.orm.jpa.ExtendedEntityManagerCreator$ExtendedEntityManagerInvocationHandler.invoke(ExtendedEntityManagerCreator.java:364) ~[spring-orm-6.1.12.jar:6.1.12]
	at jdk.proxy2/jdk.proxy2.$Proxy133.createQuery(Unknown Source) ~[na:na]
	at org.springframework.data.jpa.repository.query.SimpleJpaQuery.validateQuery(SimpleJpaQuery.java:94) ~[spring-data-jpa-3.3.3.jar:3.3.3]
	... 48 common frames omitted
Caused by: org.hibernate.query.sqm.UnknownEntityException: Could not resolve root entity 'Student'
	at org.hibernate.query.hql.internal.SemanticQueryBuilder.resolveRootEntity(SemanticQueryBuilder.java:2124) ~[hibernate-core-6.5.2.Final.jar:6.5.2.Final]
	at org.hibernate.query.hql.internal.SemanticQueryBuilder.visitRootEntity(SemanticQueryBuilder.java:2054) ~[hibernate-core-6.5.2.Final.jar:6.5.2.Final]
	at org.hibernate.query.hql.internal.SemanticQueryBuilder.visitRootEntity(SemanticQueryBuilder.java:275) ~[hibernate-core-6.5.2.Final.jar:6.5.2.Final]
	at org.hibernate.grammars.hql.HqlParser$RootEntityContext.accept(HqlParser.java:2812) ~[hibernate-core-6.5.2.Final.jar:6.5.2.Final]
	at org.hibernate.query.hql.internal.SemanticQueryBuilder.visitEntityWithJoins(SemanticQueryBuilder.java:2024) ~[hibernate-core-6.5.2.Final.jar:6.5.2.Final]
	at org.hibernate.query.hql.internal.SemanticQueryBuilder.visitFromClause(SemanticQueryBuilder.java:2011) ~[hibernate-core-6.5.2.Final.jar:6.5.2.Final]
	at org.hibernate.query.hql.internal.SemanticQueryBuilder.visitQuery(SemanticQueryBuilder.java:1243) ~[hibernate-core-6.5.2.Final.jar:6.5.2.Final]
	at org.hibernate.query.hql.internal.SemanticQueryBuilder.visitQuerySpecExpression(SemanticQueryBuilder.java:1035) ~[hibernate-core-6.5.2.Final.jar:6.5.2.Final]
	at org.hibernate.query.hql.internal.SemanticQueryBuilder.visitQuerySpecExpression(SemanticQueryBuilder.java:275) ~[hibernate-core-6.5.2.Final.jar:6.5.2.Final]
	at org.hibernate.grammars.hql.HqlParser$QuerySpecExpressionContext.accept(HqlParser.java:2132) ~[hibernate-core-6.5.2.Final.jar:6.5.2.Final]
	at org.hibernate.query.hql.internal.SemanticQueryBuilder.visitSimpleQueryGroup(SemanticQueryBuilder.java:1020) ~[hibernate-core-6.5.2.Final.jar:6.5.2.Final]
	at org.hibernate.query.hql.internal.SemanticQueryBuilder.visitSimpleQueryGroup(SemanticQueryBuilder.java:275) ~[hibernate-core-6.5.2.Final.jar:6.5.2.Final]
	at org.hibernate.grammars.hql.HqlParser$SimpleQueryGroupContext.accept(HqlParser.java:2003) ~[hibernate-core-6.5.2.Final.jar:6.5.2.Final]
	at org.hibernate.query.hql.internal.SemanticQueryBuilder.visitSelectStatement(SemanticQueryBuilder.java:490) ~[hibernate-core-6.5.2.Final.jar:6.5.2.Final]
	at org.hibernate.query.hql.internal.SemanticQueryBuilder.visitStatement(SemanticQueryBuilder.java:449) ~[hibernate-core-6.5.2.Final.jar:6.5.2.Final]
	at org.hibernate.query.hql.internal.SemanticQueryBuilder.buildSemanticModel(SemanticQueryBuilder.java:322) ~[hibernate-core-6.5.2.Final.jar:6.5.2.Final]
	at org.hibernate.query.hql.internal.StandardHqlTranslator.translate(StandardHqlTranslator.java:71) ~[hibernate-core-6.5.2.Final.jar:6.5.2.Final]
	at org.hibernate.query.internal.QueryInterpretationCacheStandardImpl.createHqlInterpretation(QueryInterpretationCacheStandardImpl.java:145) ~[hibernate-core-6.5.2.Final.jar:6.5.2.Final]
	at org.hibernate.query.internal.QueryInterpretationCacheStandardImpl.resolveHqlInterpretation(QueryInterpretationCacheStandardImpl.java:132) ~[hibernate-core-6.5.2.Final.jar:6.5.2.Final]
	at org.hibernate.internal.AbstractSharedSessionContract.interpretHql(AbstractSharedSessionContract.java:802) ~[hibernate-core-6.5.2.Final.jar:6.5.2.Final]
	at org.hibernate.internal.AbstractSharedSessionContract.createQuery(AbstractSharedSessionContract.java:852) ~[hibernate-core-6.5.2.Final.jar:6.5.2.Final]
	... 55 common frames omitted

2024-08-29T18:03:26.454+05:00  INFO 11340 --- [LearnSpringBoot] [main] c.a.L.LearnSpringBootApplication         : Starting LearnSpringBootApplication using Java 21.0.4 with PID 11340 (C:\Basit Data\dev\projects\springboot\LearnSpringBoot\bin\main started by abasi in C:\Basit Data\dev\projects\springboot\LearnSpringBoot)
2024-08-29T18:03:26.456+05:00  INFO 11340 --- [LearnSpringBoot] [main] c.a.L.LearnSpringBootApplication         : The following 1 profile is active: "dev"
2024-08-29T18:03:27.781+05:00  INFO 11340 --- [LearnSpringBoot] [main] .s.d.r.c.RepositoryConfigurationDelegate : Bootstrapping Spring Data JPA repositories in DEFAULT mode.
2024-08-29T18:03:27.844+05:00  INFO 11340 --- [LearnSpringBoot] [main] .s.d.r.c.RepositoryConfigurationDelegate : Finished Spring Data repository scanning in 51 ms. Found 1 JPA repository interface.
2024-08-29T18:03:28.881+05:00  INFO 11340 --- [LearnSpringBoot] [main] o.s.b.w.embedded.tomcat.TomcatWebServer  : Tomcat initialized with port 8500 (http)
2024-08-29T18:03:28.909+05:00  INFO 11340 --- [LearnSpringBoot] [main] o.apache.catalina.core.StandardService   : Starting service [Tomcat]
2024-08-29T18:03:28.910+05:00  INFO 11340 --- [LearnSpringBoot] [main] o.apache.catalina.core.StandardEngine    : Starting Servlet engine: [Apache Tomcat/10.1.28]
2024-08-29T18:03:28.981+05:00  INFO 11340 --- [LearnSpringBoot] [main] o.a.c.c.C.[Tomcat].[localhost].[/]       : Initializing Spring embedded WebApplicationContext
2024-08-29T18:03:28.981+05:00  INFO 11340 --- [LearnSpringBoot] [main] w.s.c.ServletWebServerApplicationContext : Root WebApplicationContext: initialization completed in 2474 ms
2024-08-29T18:03:29.428+05:00  INFO 11340 --- [LearnSpringBoot] [main] o.hibernate.jpa.internal.util.LogHelper  : HHH000204: Processing PersistenceUnitInfo [name: default]
2024-08-29T18:03:29.528+05:00  INFO 11340 --- [LearnSpringBoot] [main] org.hibernate.Version                    : HHH000412: Hibernate ORM core version 6.5.2.Final
2024-08-29T18:03:29.575+05:00  INFO 11340 --- [LearnSpringBoot] [main] o.h.c.internal.RegionFactoryInitiator    : HHH000026: Second-level cache disabled
2024-08-29T18:03:29.948+05:00  INFO 11340 --- [LearnSpringBoot] [main] o.s.o.j.p.SpringPersistenceUnitInfo      : No LoadTimeWeaver setup: ignoring JPA class transformer
2024-08-29T18:03:29.978+05:00  INFO 11340 --- [LearnSpringBoot] [main] com.zaxxer.hikari.HikariDataSource       : HikariPool-1 - Starting...
2024-08-29T18:03:30.347+05:00  INFO 11340 --- [LearnSpringBoot] [main] com.zaxxer.hikari.pool.HikariPool        : HikariPool-1 - Added connection com.mysql.cj.jdbc.ConnectionImpl@266a47fd
2024-08-29T18:03:30.351+05:00  INFO 11340 --- [LearnSpringBoot] [main] com.zaxxer.hikari.HikariDataSource       : HikariPool-1 - Start completed.
2024-08-29T18:03:31.239+05:00  INFO 11340 --- [LearnSpringBoot] [main] o.h.e.t.j.p.i.JtaPlatformInitiator       : HHH000489: No JTA platform available (set 'hibernate.transaction.jta.platform' to enable JTA platform integration)
2024-08-29T18:03:31.289+05:00  INFO 11340 --- [LearnSpringBoot] [main] j.LocalContainerEntityManagerFactoryBean : Initialized JPA EntityManagerFactory for persistence unit 'default'
2024-08-29T18:03:31.731+05:00  INFO 11340 --- [LearnSpringBoot] [main] o.s.d.j.r.query.QueryEnhancerFactory     : Hibernate is in classpath; If applicable, HQL parser will be used.
2024-08-29T18:03:32.291+05:00  WARN 11340 --- [LearnSpringBoot] [main] JpaBaseConfiguration$JpaWebConfiguration : spring.jpa.open-in-view is enabled by default. Therefore, database queries may be performed during view rendering. Explicitly configure spring.jpa.open-in-view to disable this warning
2024-08-29T18:03:33.222+05:00  WARN 11340 --- [LearnSpringBoot] [main] .s.s.UserDetailsServiceAutoConfiguration : 

Using generated security password: 1729d5e6-e863-431f-ba8d-5ed784834037

This generated password is for development use only. Your security configuration must be updated before running your application in production.

2024-08-29T18:03:33.242+05:00  INFO 11340 --- [LearnSpringBoot] [main] r$InitializeUserDetailsManagerConfigurer : Global AuthenticationManager configured with UserDetailsService bean with name inMemoryUserDetailsManager
2024-08-29T18:03:33.393+05:00  INFO 11340 --- [LearnSpringBoot] [main] o.s.b.a.e.web.EndpointLinksResolver      : Exposing 3 endpoints beneath base path '/actuator'
2024-08-29T18:03:33.696+05:00  INFO 11340 --- [LearnSpringBoot] [main] o.s.b.w.embedded.tomcat.TomcatWebServer  : Tomcat started on port 8500 (http) with context path '/'
2024-08-29T18:03:33.716+05:00  INFO 11340 --- [LearnSpringBoot] [main] c.a.L.LearnSpringBootApplication         : Started LearnSpringBootApplication in 7.709 seconds (process running for 8.581)
2024-08-29T18:03:35.348+05:00  INFO 11340 --- [LearnSpringBoot] [RMI TCP Connection(3)-127.0.0.1] o.a.c.c.C.[Tomcat].[localhost].[/]       : Initializing Spring DispatcherServlet 'dispatcherServlet'
2024-08-29T18:03:35.350+05:00  INFO 11340 --- [LearnSpringBoot] [RMI TCP Connection(3)-127.0.0.1] o.s.web.servlet.DispatcherServlet        : Initializing Servlet 'dispatcherServlet'
2024-08-29T18:03:35.352+05:00  INFO 11340 --- [LearnSpringBoot] [RMI TCP Connection(3)-127.0.0.1] o.s.web.servlet.DispatcherServlet        : Completed initialization in 2 ms
2024-08-29T18:35:28.750+05:00  INFO 12536 --- [LearnSpringBoot] [main] c.a.L.LearnSpringBootApplication         : Starting LearnSpringBootApplication using Java 21.0.4 with PID 12536 (C:\Basit Data\dev\projects\springboot\LearnSpringBoot\bin\main started by abasi in C:\Basit Data\dev\projects\springboot\LearnSpringBoot)
2024-08-29T18:35:28.762+05:00  INFO 12536 --- [LearnSpringBoot] [main] c.a.L.LearnSpringBootApplication         : The following 1 profile is active: "dev"
2024-08-29T18:35:31.820+05:00  INFO 12536 --- [LearnSpringBoot] [main] .s.d.r.c.RepositoryConfigurationDelegate : Bootstrapping Spring Data JPA repositories in DEFAULT mode.
2024-08-29T18:35:31.977+05:00  INFO 12536 --- [LearnSpringBoot] [main] .s.d.r.c.RepositoryConfigurationDelegate : Finished Spring Data repository scanning in 130 ms. Found 2 JPA repository interfaces.
2024-08-29T18:35:34.039+05:00  INFO 12536 --- [LearnSpringBoot] [main] o.s.b.w.embedded.tomcat.TomcatWebServer  : Tomcat initialized with port 8500 (http)
2024-08-29T18:35:34.075+05:00  INFO 12536 --- [LearnSpringBoot] [main] o.apache.catalina.core.StandardService   : Starting service [Tomcat]
2024-08-29T18:35:34.080+05:00  INFO 12536 --- [LearnSpringBoot] [main] o.apache.catalina.core.StandardEngine    : Starting Servlet engine: [Apache Tomcat/10.1.28]
2024-08-29T18:35:34.250+05:00  INFO 12536 --- [LearnSpringBoot] [main] o.a.c.c.C.[Tomcat].[localhost].[/]       : Initializing Spring embedded WebApplicationContext
2024-08-29T18:35:34.252+05:00  INFO 12536 --- [LearnSpringBoot] [main] w.s.c.ServletWebServerApplicationContext : Root WebApplicationContext: initialization completed in 5371 ms
2024-08-29T18:35:35.031+05:00  INFO 12536 --- [LearnSpringBoot] [main] o.hibernate.jpa.internal.util.LogHelper  : HHH000204: Processing PersistenceUnitInfo [name: default]
2024-08-29T18:35:35.204+05:00  INFO 12536 --- [LearnSpringBoot] [main] org.hibernate.Version                    : HHH000412: Hibernate ORM core version 6.5.2.Final
2024-08-29T18:35:35.303+05:00  INFO 12536 --- [LearnSpringBoot] [main] o.h.c.internal.RegionFactoryInitiator    : HHH000026: Second-level cache disabled
2024-08-29T18:35:36.079+05:00  INFO 12536 --- [LearnSpringBoot] [main] o.s.o.j.p.SpringPersistenceUnitInfo      : No LoadTimeWeaver setup: ignoring JPA class transformer
2024-08-29T18:35:36.142+05:00  INFO 12536 --- [LearnSpringBoot] [main] com.zaxxer.hikari.HikariDataSource       : HikariPool-1 - Starting...
2024-08-29T18:35:37.050+05:00  INFO 12536 --- [LearnSpringBoot] [main] com.zaxxer.hikari.pool.HikariPool        : HikariPool-1 - Added connection com.mysql.cj.jdbc.ConnectionImpl@359ea595
2024-08-29T18:35:37.057+05:00  INFO 12536 --- [LearnSpringBoot] [main] com.zaxxer.hikari.HikariDataSource       : HikariPool-1 - Start completed.
2024-08-29T18:35:38.793+05:00  INFO 12536 --- [LearnSpringBoot] [main] o.h.e.t.j.p.i.JtaPlatformInitiator       : HHH000489: No JTA platform available (set 'hibernate.transaction.jta.platform' to enable JTA platform integration)
2024-08-29T18:35:38.940+05:00  INFO 12536 --- [LearnSpringBoot] [main] j.LocalContainerEntityManagerFactoryBean : Initialized JPA EntityManagerFactory for persistence unit 'default'
2024-08-29T18:35:39.786+05:00  INFO 12536 --- [LearnSpringBoot] [main] o.s.d.j.r.query.QueryEnhancerFactory     : Hibernate is in classpath; If applicable, HQL parser will be used.
2024-08-29T18:35:41.230+05:00  WARN 12536 --- [LearnSpringBoot] [main] JpaBaseConfiguration$JpaWebConfiguration : spring.jpa.open-in-view is enabled by default. Therefore, database queries may be performed during view rendering. Explicitly configure spring.jpa.open-in-view to disable this warning
2024-08-29T18:35:43.316+05:00  INFO 12536 --- [LearnSpringBoot] [main] o.s.b.a.e.web.EndpointLinksResolver      : Exposing 3 endpoints beneath base path '/actuator'
2024-08-29T18:35:43.518+05:00  INFO 12536 --- [LearnSpringBoot] [main] o.s.b.w.embedded.tomcat.TomcatWebServer  : Tomcat started on port 8500 (http) with context path '/'
2024-08-29T18:35:43.544+05:00  INFO 12536 --- [LearnSpringBoot] [main] c.a.L.LearnSpringBootApplication         : Started LearnSpringBootApplication in 15.973 seconds (process running for 17.518)
2024-08-29T18:35:45.791+05:00  INFO 12536 --- [LearnSpringBoot] [RMI TCP Connection(2)-127.0.0.1] o.a.c.c.C.[Tomcat].[localhost].[/]       : Initializing Spring DispatcherServlet 'dispatcherServlet'
2024-08-29T18:35:45.792+05:00  INFO 12536 --- [LearnSpringBoot] [RMI TCP Connection(2)-127.0.0.1] o.s.web.servlet.DispatcherServlet        : Initializing Servlet 'dispatcherServlet'
2024-08-29T18:35:45.795+05:00  INFO 12536 --- [LearnSpringBoot] [RMI TCP Connection(2)-127.0.0.1] o.s.web.servlet.DispatcherServlet        : Completed initialization in 2 ms
2024-08-29T18:36:53.423+05:00  INFO 17720 --- [LearnSpringBoot] [main] c.a.L.LearnSpringBootApplication         : Starting LearnSpringBootApplication using Java 21.0.4 with PID 17720 (C:\Basit Data\dev\projects\springboot\LearnSpringBoot\bin\main started by abasi in C:\Basit Data\dev\projects\springboot\LearnSpringBoot)
2024-08-29T18:36:53.427+05:00  INFO 17720 --- [LearnSpringBoot] [main] c.a.L.LearnSpringBootApplication         : The following 1 profile is active: "dev"
2024-08-29T18:36:54.781+05:00  INFO 17720 --- [LearnSpringBoot] [main] .s.d.r.c.RepositoryConfigurationDelegate : Bootstrapping Spring Data JPA repositories in DEFAULT mode.
2024-08-29T18:36:54.847+05:00  INFO 17720 --- [LearnSpringBoot] [main] .s.d.r.c.RepositoryConfigurationDelegate : Finished Spring Data repository scanning in 56 ms. Found 1 JPA repository interface.
2024-08-29T18:36:55.744+05:00  INFO 17720 --- [LearnSpringBoot] [main] o.s.b.w.embedded.tomcat.TomcatWebServer  : Tomcat initialized with port 8500 (http)
2024-08-29T18:36:55.761+05:00  INFO 17720 --- [LearnSpringBoot] [main] o.apache.catalina.core.StandardService   : Starting service [Tomcat]
2024-08-29T18:36:55.762+05:00  INFO 17720 --- [LearnSpringBoot] [main] o.apache.catalina.core.StandardEngine    : Starting Servlet engine: [Apache Tomcat/10.1.28]
2024-08-29T18:36:55.832+05:00  INFO 17720 --- [LearnSpringBoot] [main] o.a.c.c.C.[Tomcat].[localhost].[/]       : Initializing Spring embedded WebApplicationContext
2024-08-29T18:36:55.833+05:00  INFO 17720 --- [LearnSpringBoot] [main] w.s.c.ServletWebServerApplicationContext : Root WebApplicationContext: initialization completed in 2347 ms
2024-08-29T18:36:56.283+05:00  INFO 17720 --- [LearnSpringBoot] [main] o.hibernate.jpa.internal.util.LogHelper  : HHH000204: Processing PersistenceUnitInfo [name: default]
2024-08-29T18:36:56.372+05:00  INFO 17720 --- [LearnSpringBoot] [main] org.hibernate.Version                    : HHH000412: Hibernate ORM core version 6.5.2.Final
2024-08-29T18:36:56.433+05:00  INFO 17720 --- [LearnSpringBoot] [main] o.h.c.internal.RegionFactoryInitiator    : HHH000026: Second-level cache disabled
2024-08-29T18:36:56.826+05:00  INFO 17720 --- [LearnSpringBoot] [main] o.s.o.j.p.SpringPersistenceUnitInfo      : No LoadTimeWeaver setup: ignoring JPA class transformer
2024-08-29T18:36:56.866+05:00  INFO 17720 --- [LearnSpringBoot] [main] com.zaxxer.hikari.HikariDataSource       : HikariPool-1 - Starting...
2024-08-29T18:36:57.301+05:00  INFO 17720 --- [LearnSpringBoot] [main] com.zaxxer.hikari.pool.HikariPool        : HikariPool-1 - Added connection com.mysql.cj.jdbc.ConnectionImpl@30333941
2024-08-29T18:36:57.306+05:00  INFO 17720 --- [LearnSpringBoot] [main] com.zaxxer.hikari.HikariDataSource       : HikariPool-1 - Start completed.
2024-08-29T18:36:58.254+05:00  INFO 17720 --- [LearnSpringBoot] [main] o.h.e.t.j.p.i.JtaPlatformInitiator       : HHH000489: No JTA platform available (set 'hibernate.transaction.jta.platform' to enable JTA platform integration)
2024-08-29T18:36:58.309+05:00  INFO 17720 --- [LearnSpringBoot] [main] j.LocalContainerEntityManagerFactoryBean : Initialized JPA EntityManagerFactory for persistence unit 'default'
2024-08-29T18:36:58.682+05:00  INFO 17720 --- [LearnSpringBoot] [main] o.s.d.j.r.query.QueryEnhancerFactory     : Hibernate is in classpath; If applicable, HQL parser will be used.
2024-08-29T18:36:59.293+05:00  WARN 17720 --- [LearnSpringBoot] [main] JpaBaseConfiguration$JpaWebConfiguration : spring.jpa.open-in-view is enabled by default. Therefore, database queries may be performed during view rendering. Explicitly configure spring.jpa.open-in-view to disable this warning
2024-08-29T18:37:00.337+05:00  INFO 17720 --- [LearnSpringBoot] [main] o.s.b.a.e.web.EndpointLinksResolver      : Exposing 3 endpoints beneath base path '/actuator'
2024-08-29T18:37:00.487+05:00  INFO 17720 --- [LearnSpringBoot] [main] o.s.b.w.embedded.tomcat.TomcatWebServer  : Tomcat started on port 8500 (http) with context path '/'
2024-08-29T18:37:00.503+05:00  INFO 17720 --- [LearnSpringBoot] [main] c.a.L.LearnSpringBootApplication         : Started LearnSpringBootApplication in 7.593 seconds (process running for 8.405)
2024-08-29T18:37:02.227+05:00  INFO 17720 --- [LearnSpringBoot] [RMI TCP Connection(2)-127.0.0.1] o.a.c.c.C.[Tomcat].[localhost].[/]       : Initializing Spring DispatcherServlet 'dispatcherServlet'
2024-08-29T18:37:02.227+05:00  INFO 17720 --- [LearnSpringBoot] [RMI TCP Connection(2)-127.0.0.1] o.s.web.servlet.DispatcherServlet        : Initializing Servlet 'dispatcherServlet'
2024-08-29T18:37:02.229+05:00  INFO 17720 --- [LearnSpringBoot] [RMI TCP Connection(2)-127.0.0.1] o.s.web.servlet.DispatcherServlet        : Completed initialization in 1 ms
2024-08-29T18:37:18.205+05:00  WARN 17720 --- [LearnSpringBoot] [http-nio-8500-exec-2] .w.s.m.s.DefaultHandlerExceptionResolver : Resolved [org.springframework.web.HttpRequestMethodNotSupportedException: Request method 'GET' is not supported]
2024-08-29T18:39:02.901+05:00  WARN 17720 --- [LearnSpringBoot] [http-nio-8500-exec-1] .w.s.m.s.DefaultHandlerExceptionResolver : Resolved [org.springframework.http.converter.HttpMessageNotReadableException: JSON parse error: Unexpected character ('"' (code 34)): was expecting comma to separate Object entries]
2024-08-29T18:39:23.285+05:00  WARN 17720 --- [LearnSpringBoot] [http-nio-8500-exec-4] .w.s.m.s.DefaultHandlerExceptionResolver : Resolved [org.springframework.http.converter.HttpMessageNotReadableException: JSON parse error: Unexpected character ('"' (code 34)): was expecting comma to separate Object entries]
2024-08-29T18:39:31.970+05:00  WARN 17720 --- [LearnSpringBoot] [http-nio-8500-exec-5] .w.s.m.s.DefaultHandlerExceptionResolver : Resolved [org.springframework.http.converter.HttpMessageNotReadableException: JSON parse error: Unexpected character ('"' (code 34)): was expecting comma to separate Object entries]
2024-08-29T18:39:51.050+05:00  WARN 17720 --- [LearnSpringBoot] [http-nio-8500-exec-6] .w.s.m.s.DefaultHandlerExceptionResolver : Resolved [org.springframework.http.converter.HttpMessageNotReadableException: JSON parse error: Unexpected character ('"' (code 34)): was expecting comma to separate Object entries]
2024-08-29T18:41:02.319+05:00  WARN 17720 --- [LearnSpringBoot] [http-nio-8500-exec-8] .w.s.m.s.DefaultHandlerExceptionResolver : Resolved [org.springframework.web.bind.MissingServletRequestParameterException: Required request parameter 'domain' for method parameter type String is not present]
2024-08-29T18:41:58.040+05:00  INFO 17720 --- [LearnSpringBoot] [SpringApplicationShutdownHook] j.LocalContainerEntityManagerFactoryBean : Closing JPA EntityManagerFactory for persistence unit 'default'
2024-08-29T18:41:58.044+05:00  INFO 17720 --- [LearnSpringBoot] [SpringApplicationShutdownHook] com.zaxxer.hikari.HikariDataSource       : HikariPool-1 - Shutdown initiated...
2024-08-29T18:41:58.057+05:00  INFO 17720 --- [LearnSpringBoot] [SpringApplicationShutdownHook] com.zaxxer.hikari.HikariDataSource       : HikariPool-1 - Shutdown completed.
